[1007/132053:INFO:CONSOLE(1)] "nGZ4", source: http://193.112.173.69/gzdxjy.globalviewcco.com/portal/static/js/13.0f5440afe5cfc38f3520.js (1)
[1007/132057:INFO:CONSOLE(12)] "TypeError: Cannot read property 'pl_img' of undefined", source: http://193.112.173.69/gzdxjy.globalviewcco.com/portal/static/js/vendor.0d0cac402421a173f1b4.js (12)
[1007/132058:INFO:CONSOLE(12)] "TypeError: Cannot read property 'pl_img' of undefined", source: http://193.112.173.69/gzdxjy.globalviewcco.com/portal/static/js/vendor.0d0cac402421a173f1b4.js (12)
[1007/132112:INFO:CONSOLE(12)] "TypeError: Cannot read property 'pl_img' of undefined", source: http://193.112.173.69/gzdxjy.globalviewcco.com/portal/static/js/vendor.0d0cac402421a173f1b4.js (12)
[1007/132429:INFO:CONSOLE(12)] "TypeError: Cannot read property 'pl_img' of undefined", source: http://193.112.173.69/gzdxjy.globalviewcco.com/portal/static/js/vendor.0d0cac402421a173f1b4.js (12)
[1007/132433:INFO:CONSOLE(12)] "TypeError: Cannot read property 'pl_img' of undefined", source: http://193.112.173.69/gzdxjy.globalviewcco.com/portal/static/js/vendor.0d0cac402421a173f1b4.js (12)
[1007/132435:INFO:CONSOLE(12)] "TypeError: Cannot read property 'pl_img' of undefined", source: http://193.112.173.69/gzdxjy.globalviewcco.com/portal/static/js/vendor.0d0cac402421a173f1b4.js (12)
[1007/132706:INFO:CONSOLE(21191)] "THREE.WebGLRenderer", source: file:///D:/xhc/wallpaper/paper/Canvas%E7%81%AB%E7%AE%AD%E9%A3%9E%E8%A1%8C%E5%8A%A8%E7%94%BB%E7%89%B9%E6%95%88/js/three.js (21191)
[1007/132720:INFO:CONSOLE(166)] "THREE.WebGLRenderer", source: file:///D:/xhc/wallpaper/paper/Canvas%E9%A3%9E%E6%9C%BA%E9%A3%9E%E8%A1%8C%E5%9C%BA%E6%99%AF%E5%8A%A8%E7%94%BB%E7%89%B9%E6%95%88/three.min.js (166)
[1007/133336:INFO:CONSOLE(609)] "Mixed Content: The page at 'https://www.17sucai.com/pins/demo-show?id=7849' was loaded over HTTPS, but requested an insecure XMLHttpRequest endpoint 'http://wx.9ku.com/ceshi/57/images/spr.png'. This request has been blocked; the content must be served over HTTPS.", source: https://www.17sucai.com/preview/225857/2014-11-13/dxs/demo.html (609)
[1007/133336:INFO:CONSOLE(609)] "XMLHttpRequest cannot load http://wx.9ku.com/ceshi/57/images/spr.png. Failed to start loading.", source: https://www.17sucai.com/preview/225857/2014-11-13/dxs/demo.html (609)
[1007/133336:INFO:CONSOLE(609)] "Mixed Content: The page at 'https://www.17sucai.com/pins/demo-show?id=7849' was loaded over HTTPS, but requested an insecure XMLHttpRequest endpoint 'http://wx.9ku.com/ceshi/57/images/poker1.jpg'. This request has been blocked; the content must be served over HTTPS.", source: https://www.17sucai.com/preview/225857/2014-11-13/dxs/demo.html (609)
[1007/133336:INFO:CONSOLE(609)] "XMLHttpRequest cannot load http://wx.9ku.com/ceshi/57/images/poker1.jpg. Failed to start loading.", source: https://www.17sucai.com/preview/225857/2014-11-13/dxs/demo.html (609)
[1007/133336:INFO:CONSOLE(609)] "Mixed Content: The page at 'https://www.17sucai.com/pins/demo-show?id=7849' was loaded over HTTPS, but requested an insecure XMLHttpRequest endpoint 'http://wx.9ku.com/ceshi/57/images/poker2.jpg'. This request has been blocked; the content must be served over HTTPS.", source: https://www.17sucai.com/preview/225857/2014-11-13/dxs/demo.html (609)
[1007/133336:INFO:CONSOLE(609)] "XMLHttpRequest cannot load http://wx.9ku.com/ceshi/57/images/poker2.jpg. Failed to start loading.", source: https://www.17sucai.com/preview/225857/2014-11-13/dxs/demo.html (609)
[1007/133336:INFO:CONSOLE(609)] "Mixed Content: The page at 'https://www.17sucai.com/pins/demo-show?id=7849' was loaded over HTTPS, but requested an insecure XMLHttpRequest endpoint 'http://wx.9ku.com/ceshi/57/images/2.jpg'. This request has been blocked; the content must be served over HTTPS.", source: https://www.17sucai.com/preview/225857/2014-11-13/dxs/demo.html (609)
[1007/133336:INFO:CONSOLE(609)] "XMLHttpRequest cannot load http://wx.9ku.com/ceshi/57/images/2.jpg. Failed to start loading.", source: https://www.17sucai.com/preview/225857/2014-11-13/dxs/demo.html (609)
[1007/133336:INFO:CONSOLE(609)] "Mixed Content: The page at 'https://www.17sucai.com/pins/demo-show?id=7849' was loaded over HTTPS, but requested an insecure XMLHttpRequest endpoint 'http://wx.9ku.com/ceshi/57/images/3.jpg'. This request has been blocked; the content must be served over HTTPS.", source: https://www.17sucai.com/preview/225857/2014-11-13/dxs/demo.html (609)
[1007/133336:INFO:CONSOLE(609)] "XMLHttpRequest cannot load http://wx.9ku.com/ceshi/57/images/3.jpg. Failed to start loading.", source: https://www.17sucai.com/preview/225857/2014-11-13/dxs/demo.html (609)
[1007/133336:INFO:CONSOLE(609)] "Mixed Content: The page at 'https://www.17sucai.com/pins/demo-show?id=7849' was loaded over HTTPS, but requested an insecure XMLHttpRequest endpoint 'http://wx.9ku.com/ceshi/57/images/4.jpg'. This request has been blocked; the content must be served over HTTPS.", source: https://www.17sucai.com/preview/225857/2014-11-13/dxs/demo.html (609)
[1007/133336:INFO:CONSOLE(609)] "XMLHttpRequest cannot load http://wx.9ku.com/ceshi/57/images/4.jpg. Failed to start loading.", source: https://www.17sucai.com/preview/225857/2014-11-13/dxs/demo.html (609)
[1007/133336:INFO:CONSOLE(609)] "Mixed Content: The page at 'https://www.17sucai.com/pins/demo-show?id=7849' was loaded over HTTPS, but requested an insecure XMLHttpRequest endpoint 'http://wx.9ku.com/ceshi/57/images/5.jpg'. This request has been blocked; the content must be served over HTTPS.", source: https://www.17sucai.com/preview/225857/2014-11-13/dxs/demo.html (609)
[1007/133336:INFO:CONSOLE(609)] "XMLHttpRequest cannot load http://wx.9ku.com/ceshi/57/images/5.jpg. Failed to start loading.", source: https://www.17sucai.com/preview/225857/2014-11-13/dxs/demo.html (609)
[1007/133336:INFO:CONSOLE(609)] "Mixed Content: The page at 'https://www.17sucai.com/pins/demo-show?id=7849' was loaded over HTTPS, but requested an insecure XMLHttpRequest endpoint 'http://wx.9ku.com/ceshi/57/images/6.jpg'. This request has been blocked; the content must be served over HTTPS.", source: https://www.17sucai.com/preview/225857/2014-11-13/dxs/demo.html (609)
[1007/133336:INFO:CONSOLE(609)] "XMLHttpRequest cannot load http://wx.9ku.com/ceshi/57/images/6.jpg. Failed to start loading.", source: https://www.17sucai.com/preview/225857/2014-11-13/dxs/demo.html (609)
[1007/133336:INFO:CONSOLE(609)] "Mixed Content: The page at 'https://www.17sucai.com/pins/demo-show?id=7849' was loaded over HTTPS, but requested an insecure XMLHttpRequest endpoint 'http://wx.9ku.com/ceshi/57/images/7.jpg'. This request has been blocked; the content must be served over HTTPS.", source: https://www.17sucai.com/preview/225857/2014-11-13/dxs/demo.html (609)
[1007/133336:INFO:CONSOLE(609)] "XMLHttpRequest cannot load http://wx.9ku.com/ceshi/57/images/7.jpg. Failed to start loading.", source: https://www.17sucai.com/preview/225857/2014-11-13/dxs/demo.html (609)
[1007/133336:INFO:CONSOLE(609)] "Mixed Content: The page at 'https://www.17sucai.com/pins/demo-show?id=7849' was loaded over HTTPS, but requested an insecure XMLHttpRequest endpoint 'http://wx.9ku.com/ceshi/57/images/81.jpg'. This request has been blocked; the content must be served over HTTPS.", source: https://www.17sucai.com/preview/225857/2014-11-13/dxs/demo.html (609)
[1007/133336:INFO:CONSOLE(609)] "XMLHttpRequest cannot load http://wx.9ku.com/ceshi/57/images/81.jpg. Failed to start loading.", source: https://www.17sucai.com/preview/225857/2014-11-13/dxs/demo.html (609)
[1007/133336:INFO:CONSOLE(609)] "'webkitRequestAnimationFrame' is vendor-specific. Please use the standard 'requestAnimationFrame' instead.", source: https://www.17sucai.com/preview/225857/2014-11-13/dxs/demo.html (609)
[1007/133336:INFO:CONSOLE(0)] "Mixed Content: The page at 'https://www.17sucai.com/pins/demo-show?id=7849' was loaded over HTTPS, but requested an insecure image 'http://wx.9ku.com/ceshi/57/images/poker1.jpg'. This content should also be served over HTTPS.", source: https://www.17sucai.com/preview/225857/2014-11-13/dxs/demo.html (0)
[1007/133338:INFO:CONSOLE(609)] "'webkitCancelAnimationFrame' is vendor-specific. Please use the standard 'cancelAnimationFrame' instead.", source: https://www.17sucai.com/preview/225857/2014-11-13/dxs/demo.html (609)
[1007/133346:INFO:CONSOLE(609)] "Mixed Content: The page at 'https://www.17sucai.com/preview/225857/2014-11-13/dxs/demo.html' was loaded over HTTPS, but requested an insecure XMLHttpRequest endpoint 'http://wx.9ku.com/ceshi/57/images/spr.png'. This request has been blocked; the content must be served over HTTPS.", source: https://www.17sucai.com/preview/225857/2014-11-13/dxs/demo.html (609)
[1007/133346:INFO:CONSOLE(609)] "XMLHttpRequest cannot load http://wx.9ku.com/ceshi/57/images/spr.png. Failed to start loading.", source: https://www.17sucai.com/preview/225857/2014-11-13/dxs/demo.html (609)
[1007/133346:INFO:CONSOLE(609)] "Mixed Content: The page at 'https://www.17sucai.com/preview/225857/2014-11-13/dxs/demo.html' was loaded over HTTPS, but requested an insecure XMLHttpRequest endpoint 'http://wx.9ku.com/ceshi/57/images/poker1.jpg'. This request has been blocked; the content must be served over HTTPS.", source: https://www.17sucai.com/preview/225857/2014-11-13/dxs/demo.html (609)
[1007/133346:INFO:CONSOLE(609)] "XMLHttpRequest cannot load http://wx.9ku.com/ceshi/57/images/poker1.jpg. Failed to start loading.", source: https://www.17sucai.com/preview/225857/2014-11-13/dxs/demo.html (609)
[1007/133346:INFO:CONSOLE(609)] "Mixed Content: The page at 'https://www.17sucai.com/preview/225857/2014-11-13/dxs/demo.html' was loaded over HTTPS, but requested an insecure XMLHttpRequest endpoint 'http://wx.9ku.com/ceshi/57/images/poker2.jpg'. This request has been blocked; the content must be served over HTTPS.", source: https://www.17sucai.com/preview/225857/2014-11-13/dxs/demo.html (609)
[1007/133346:INFO:CONSOLE(609)] "XMLHttpRequest cannot load http://wx.9ku.com/ceshi/57/images/poker2.jpg. Failed to start loading.", source: https://www.17sucai.com/preview/225857/2014-11-13/dxs/demo.html (609)
[1007/133346:INFO:CONSOLE(609)] "Mixed Content: The page at 'https://www.17sucai.com/preview/225857/2014-11-13/dxs/demo.html' was loaded over HTTPS, but requested an insecure XMLHttpRequest endpoint 'http://wx.9ku.com/ceshi/57/images/2.jpg'. This request has been blocked; the content must be served over HTTPS.", source: https://www.17sucai.com/preview/225857/2014-11-13/dxs/demo.html (609)
[1007/133346:INFO:CONSOLE(609)] "XMLHttpRequest cannot load http://wx.9ku.com/ceshi/57/images/2.jpg. Failed to start loading.", source: https://www.17sucai.com/preview/225857/2014-11-13/dxs/demo.html (609)
[1007/133346:INFO:CONSOLE(609)] "Mixed Content: The page at 'https://www.17sucai.com/preview/225857/2014-11-13/dxs/demo.html' was loaded over HTTPS, but requested an insecure XMLHttpRequest endpoint 'http://wx.9ku.com/ceshi/57/images/3.jpg'. This request has been blocked; the content must be served over HTTPS.", source: https://www.17sucai.com/preview/225857/2014-11-13/dxs/demo.html (609)
[1007/133346:INFO:CONSOLE(609)] "XMLHttpRequest cannot load http://wx.9ku.com/ceshi/57/images/3.jpg. Failed to start loading.", source: https://www.17sucai.com/preview/225857/2014-11-13/dxs/demo.html (609)
[1007/133346:INFO:CONSOLE(609)] "Mixed Content: The page at 'https://www.17sucai.com/preview/225857/2014-11-13/dxs/demo.html' was loaded over HTTPS, but requested an insecure XMLHttpRequest endpoint 'http://wx.9ku.com/ceshi/57/images/4.jpg'. This request has been blocked; the content must be served over HTTPS.", source: https://www.17sucai.com/preview/225857/2014-11-13/dxs/demo.html (609)
[1007/133346:INFO:CONSOLE(609)] "XMLHttpRequest cannot load http://wx.9ku.com/ceshi/57/images/4.jpg. Failed to start loading.", source: https://www.17sucai.com/preview/225857/2014-11-13/dxs/demo.html (609)
[1007/133346:INFO:CONSOLE(609)] "Mixed Content: The page at 'https://www.17sucai.com/preview/225857/2014-11-13/dxs/demo.html' was loaded over HTTPS, but requested an insecure XMLHttpRequest endpoint 'http://wx.9ku.com/ceshi/57/images/5.jpg'. This request has been blocked; the content must be served over HTTPS.", source: https://www.17sucai.com/preview/225857/2014-11-13/dxs/demo.html (609)
[1007/133346:INFO:CONSOLE(609)] "XMLHttpRequest cannot load http://wx.9ku.com/ceshi/57/images/5.jpg. Failed to start loading.", source: https://www.17sucai.com/preview/225857/2014-11-13/dxs/demo.html (609)
[1007/133346:INFO:CONSOLE(609)] "Mixed Content: The page at 'https://www.17sucai.com/preview/225857/2014-11-13/dxs/demo.html' was loaded over HTTPS, but requested an insecure XMLHttpRequest endpoint 'http://wx.9ku.com/ceshi/57/images/6.jpg'. This request has been blocked; the content must be served over HTTPS.", source: https://www.17sucai.com/preview/225857/2014-11-13/dxs/demo.html (609)
[1007/133346:INFO:CONSOLE(609)] "XMLHttpRequest cannot load http://wx.9ku.com/ceshi/57/images/6.jpg. Failed to start loading.", source: https://www.17sucai.com/preview/225857/2014-11-13/dxs/demo.html (609)
[1007/133346:INFO:CONSOLE(609)] "Mixed Content: The page at 'https://www.17sucai.com/preview/225857/2014-11-13/dxs/demo.html' was loaded over HTTPS, but requested an insecure XMLHttpRequest endpoint 'http://wx.9ku.com/ceshi/57/images/7.jpg'. This request has been blocked; the content must be served over HTTPS.", source: https://www.17sucai.com/preview/225857/2014-11-13/dxs/demo.html (609)
[1007/133346:INFO:CONSOLE(609)] "XMLHttpRequest cannot load http://wx.9ku.com/ceshi/57/images/7.jpg. Failed to start loading.", source: https://www.17sucai.com/preview/225857/2014-11-13/dxs/demo.html (609)
[1007/133346:INFO:CONSOLE(609)] "Mixed Content: The page at 'https://www.17sucai.com/preview/225857/2014-11-13/dxs/demo.html' was loaded over HTTPS, but requested an insecure XMLHttpRequest endpoint 'http://wx.9ku.com/ceshi/57/images/81.jpg'. This request has been blocked; the content must be served over HTTPS.", source: https://www.17sucai.com/preview/225857/2014-11-13/dxs/demo.html (609)
[1007/133346:INFO:CONSOLE(609)] "XMLHttpRequest cannot load http://wx.9ku.com/ceshi/57/images/81.jpg. Failed to start loading.", source: https://www.17sucai.com/preview/225857/2014-11-13/dxs/demo.html (609)
[1007/133346:INFO:CONSOLE(609)] "'webkitRequestAnimationFrame' is vendor-specific. Please use the standard 'requestAnimationFrame' instead.", source: https://www.17sucai.com/preview/225857/2014-11-13/dxs/demo.html (609)
[1007/133346:INFO:CONSOLE(0)] "Mixed Content: The page at 'https://www.17sucai.com/preview/225857/2014-11-13/dxs/demo.html' was loaded over HTTPS, but requested an insecure image 'http://wx.9ku.com/ceshi/57/images/poker1.jpg'. This content should also be served over HTTPS.", source: https://www.17sucai.com/preview/225857/2014-11-13/dxs/demo.html (0)
[1007/133402:INFO:CONSOLE(609)] "'webkitCancelAnimationFrame' is vendor-specific. Please use the standard 'cancelAnimationFrame' instead.", source: https://www.17sucai.com/preview/225857/2014-11-13/dxs/demo.html (609)
[1007/133934:WARNING:webmediaplayer_impl.cc(341)] Using MultibufferDataSource
[1007/133934:WARNING:webmediaplayer_impl.cc(341)] Using MultibufferDataSource
[1007/133934:WARNING:webmediaplayer_impl.cc(341)] Using MultibufferDataSource
[1007/133941:ERROR:ffmpeg_demuxer.cc(1510)] media::FFmpegDemuxer::OnReadFrameDone result=-541478725 IsMaxMemoryUsageReached=0
[1007/133942:WARNING:webmediaplayer_impl.cc(341)] Using MultibufferDataSource
[1007/133942:WARNING:webmediaplayer_impl.cc(341)] Using MultibufferDataSource
[1007/133944:ERROR:ffmpeg_demuxer.cc(1510)] media::FFmpegDemuxer::OnReadFrameDone result=-541478725 IsMaxMemoryUsageReached=0
[1007/133944:ERROR:ffmpeg_demuxer.cc(1510)] media::FFmpegDemuxer::OnReadFrameDone result=-541478725 IsMaxMemoryUsageReached=0
[1007/133945:ERROR:ffmpeg_demuxer.cc(1510)] media::FFmpegDemuxer::OnReadFrameDone result=-541478725 IsMaxMemoryUsageReached=0
[1007/133946:ERROR:ffmpeg_demuxer.cc(1510)] media::FFmpegDemuxer::OnReadFrameDone result=-541478725 IsMaxMemoryUsageReached=0
[1007/133946:ERROR:ffmpeg_demuxer.cc(1510)] media::FFmpegDemuxer::OnReadFrameDone result=-541478725 IsMaxMemoryUsageReached=0
[1007/133947:ERROR:ffmpeg_demuxer.cc(1510)] media::FFmpegDemuxer::OnReadFrameDone result=-541478725 IsMaxMemoryUsageReached=0
[1007/133948:ERROR:ffmpeg_demuxer.cc(1510)] media::FFmpegDemuxer::OnReadFrameDone result=-541478725 IsMaxMemoryUsageReached=0
[1007/133949:ERROR:ffmpeg_demuxer.cc(1510)] media::FFmpegDemuxer::OnReadFrameDone result=-541478725 IsMaxMemoryUsageReached=0
[1007/133950:ERROR:ffmpeg_demuxer.cc(1510)] media::FFmpegDemuxer::OnReadFrameDone result=-541478725 IsMaxMemoryUsageReached=0
[1007/133951:ERROR:ffmpeg_demuxer.cc(1510)] media::FFmpegDemuxer::OnReadFrameDone result=-541478725 IsMaxMemoryUsageReached=0
[1007/133952:ERROR:ffmpeg_demuxer.cc(1510)] media::FFmpegDemuxer::OnReadFrameDone result=-541478725 IsMaxMemoryUsageReached=0
[1007/133952:ERROR:ffmpeg_demuxer.cc(1510)] media::FFmpegDemuxer::OnReadFrameDone result=-541478725 IsMaxMemoryUsageReached=0
[1007/133953:ERROR:ffmpeg_demuxer.cc(1510)] media::FFmpegDemuxer::OnReadFrameDone result=-541478725 IsMaxMemoryUsageReached=0
[1007/133953:ERROR:ffmpeg_demuxer.cc(1510)] media::FFmpegDemuxer::OnReadFrameDone result=-541478725 IsMaxMemoryUsageReached=0
[1007/133955:ERROR:ffmpeg_demuxer.cc(1510)] media::FFmpegDemuxer::OnReadFrameDone result=-541478725 IsMaxMemoryUsageReached=0
[1007/133956:ERROR:ffmpeg_demuxer.cc(1510)] media::FFmpegDemuxer::OnReadFrameDone result=-541478725 IsMaxMemoryUsageReached=0
[1007/133956:ERROR:ffmpeg_demuxer.cc(1510)] media::FFmpegDemuxer::OnReadFrameDone result=-541478725 IsMaxMemoryUsageReached=0
[1007/133957:ERROR:ffmpeg_demuxer.cc(1510)] media::FFmpegDemuxer::OnReadFrameDone result=-541478725 IsMaxMemoryUsageReached=0
[1007/133957:ERROR:ffmpeg_demuxer.cc(1510)] media::FFmpegDemuxer::OnReadFrameDone result=-541478725 IsMaxMemoryUsageReached=0
[1007/133958:ERROR:ffmpeg_demuxer.cc(1510)] media::FFmpegDemuxer::OnReadFrameDone result=-541478725 IsMaxMemoryUsageReached=0
[1007/133958:ERROR:ffmpeg_demuxer.cc(1510)] media::FFmpegDemuxer::OnReadFrameDone result=-541478725 IsMaxMemoryUsageReached=0
[1007/133959:ERROR:ffmpeg_demuxer.cc(1510)] media::FFmpegDemuxer::OnReadFrameDone result=-541478725 IsMaxMemoryUsageReached=0
[1007/133959:ERROR:ffmpeg_demuxer.cc(1510)] media::FFmpegDemuxer::OnReadFrameDone result=-541478725 IsMaxMemoryUsageReached=0
[1007/134003:ERROR:ffmpeg_demuxer.cc(1510)] media::FFmpegDemuxer::OnReadFrameDone result=-541478725 IsMaxMemoryUsageReached=0
